<?xml version="1.0" encoding="UTF-8"?>
<coverage generated="1759398741860" clover="3.2.0">
  <project timestamp="1759398741861" name="All files">
    <metrics statements="60" coveredstatements="53" conditionals="8" coveredconditionals="4" methods="7" coveredmethods="4" elements="75" coveredelements="61" complexity="0" loc="60" ncloc="60" packages="4" files="5" classes="5"/>
    <package name="src">
      <metrics statements="23" coveredstatements="23" conditionals="2" coveredconditionals="1" methods="1" coveredmethods="1"/>
      <file name="index.ts" path="C:\workspaces\api\express-boilerplate\src\index.ts">
        <metrics statements="23" coveredstatements="23" conditionals="2" coveredconditionals="1" methods="1" coveredmethods="1"/>
        <line num="1" count="1" type="stmt"/>
        <line num="2" count="1" type="stmt"/>
        <line num="3" count="1" type="stmt"/>
        <line num="4" count="1" type="stmt"/>
        <line num="5" count="1" type="stmt"/>
        <line num="6" count="1" type="stmt"/>
        <line num="7" count="1" type="stmt"/>
        <line num="8" count="1" type="stmt"/>
        <line num="9" count="1" type="stmt"/>
        <line num="11" count="1" type="stmt"/>
        <line num="13" count="1" type="stmt"/>
        <line num="14" count="1" type="cond" truecount="1" falsecount="1"/>
        <line num="16" count="1" type="stmt"/>
        <line num="17" count="1" type="stmt"/>
        <line num="19" count="1" type="stmt"/>
        <line num="21" count="1" type="stmt"/>
        <line num="22" count="1" type="stmt"/>
        <line num="24" count="1" type="stmt"/>
        <line num="35" count="1" type="stmt"/>
        <line num="36" count="1" type="stmt"/>
        <line num="38" count="1" type="stmt"/>
        <line num="39" count="1" type="stmt"/>
        <line num="42" count="1" type="stmt"/>
      </file>
    </package>
    <package name="src.libs">
      <metrics statements="13" coveredstatements="12" conditionals="4" coveredconditionals="2" methods="2" coveredmethods="1"/>
      <file name="logger.ts" path="C:\workspaces\api\express-boilerplate\src\libs\logger.ts">
        <metrics statements="13" coveredstatements="12" conditionals="4" coveredconditionals="2" methods="2" coveredmethods="1"/>
        <line num="1" count="1" type="stmt"/>
        <line num="3" count="1" type="stmt"/>
        <line num="11" count="1" type="stmt"/>
        <line num="12" count="1" type="cond" truecount="1" falsecount="1"/>
        <line num="13" count="1" type="stmt"/>
        <line num="14" count="1" type="cond" truecount="1" falsecount="1"/>
        <line num="17" count="1" type="stmt"/>
        <line num="25" count="1" type="stmt"/>
        <line num="27" count="1" type="stmt"/>
        <line num="31" count="0" type="stmt"/>
        <line num="35" count="1" type="stmt"/>
        <line num="44" count="1" type="stmt"/>
        <line num="51" count="1" type="stmt"/>
      </file>
    </package>
    <package name="src.middlewares">
      <metrics statements="9" coveredstatements="8" conditionals="2" coveredconditionals="1" methods="2" coveredmethods="1"/>
      <file name="morganMiddleware.ts" path="C:\workspaces\api\express-boilerplate\src\middlewares\morganMiddleware.ts">
        <metrics statements="9" coveredstatements="8" conditionals="2" coveredconditionals="1" methods="2" coveredmethods="1"/>
        <line num="1" count="1" type="stmt"/>
        <line num="2" count="1" type="stmt"/>
        <line num="4" count="1" type="stmt"/>
        <line num="5" count="0" type="stmt"/>
        <line num="8" count="1" type="stmt"/>
        <line num="9" count="1" type="cond" truecount="1" falsecount="1"/>
        <line num="10" count="1" type="stmt"/>
        <line num="13" count="1" type="stmt"/>
        <line num="18" count="1" type="stmt"/>
      </file>
    </package>
    <package name="src.routes">
      <metrics statements="15" coveredstatements="10" conditionals="0" coveredconditionals="0" methods="2" coveredmethods="1"/>
      <file name="indexRouter.ts" path="C:\workspaces\api\express-boilerplate\src\routes\indexRouter.ts">
        <metrics statements="5" coveredstatements="5" conditionals="0" coveredconditionals="0" methods="1" coveredmethods="1"/>
        <line num="1" count="1" type="stmt"/>
        <line num="3" count="1" type="stmt"/>
        <line num="14" count="1" type="stmt"/>
        <line num="15" count="1" type="stmt"/>
        <line num="18" count="1" type="stmt"/>
      </file>
      <file name="loggerRouter.ts" path="C:\workspaces\api\express-boilerplate\src\routes\loggerRouter.ts">
        <metrics statements="10" coveredstatements="5" conditionals="0" coveredconditionals="0" methods="1" coveredmethods="0"/>
        <line num="1" count="1" type="stmt"/>
        <line num="2" count="1" type="stmt"/>
        <line num="4" count="1" type="stmt"/>
        <line num="15" count="1" type="stmt"/>
        <line num="16" count="0" type="stmt"/>
        <line num="17" count="0" type="stmt"/>
        <line num="18" count="0" type="stmt"/>
        <line num="19" count="0" type="stmt"/>
        <line num="21" count="0" type="stmt"/>
        <line num="24" count="1" type="stmt"/>
      </file>
    </package>
  </project>
</coverage>
