{"C:\\workspaces\\api\\express-boilerplate\\src\\index.ts": {"path":"C:\\workspaces\\api\\express-boilerplate\\src\\index.ts","statementMap":{"0":{"start":{"line":1,"column":0},"end":{"line":1,"column":30}},"1":{"start":{"line":2,"column":0},"end":{"line":2,"column":28}},"2":{"start":{"line":3,"column":0},"end":{"line":3,"column":28}},"3":{"start":{"line":4,"column":0},"end":{"line":4,"column":24}},"4":{"start":{"line":5,"column":0},"end":{"line":5,"column":61}},"5":{"start":{"line":6,"column":0},"end":{"line":6,"column":46}},"6":{"start":{"line":7,"column":0},"end":{"line":7,"column":48}},"7":{"start":{"line":8,"column":0},"end":{"line":8,"column":41}},"8":{"start":{"line":9,"column":0},"end":{"line":9,"column":43}},"9":{"start":{"line":11,"column":0},"end":{"line":11,"column":16}},"10":{"start":{"line":13,"column":12},"end":{"line":13,"column":21}},"11":{"start":{"line":42,"column":9},"end":{"line":42,"column":12}},"12":{"start":{"line":14,"column":13},"end":{"line":14,"column":37}},"13":{"start":{"line":16,"column":0},"end":{"line":16,"column":18}},"14":{"start":{"line":17,"column":0},"end":{"line":17,"column":16}},"15":{"start":{"line":19,"column":0},"end":{"line":19,"column":26}},"16":{"start":{"line":21,"column":0},"end":{"line":21,"column":26}},"17":{"start":{"line":22,"column":0},"end":{"line":22,"column":33}},"18":{"start":{"line":24,"column":23},"end":{"line":33,"column":2}},"19":{"start":{"line":35,"column":20},"end":{"line":35,"column":48}},"20":{"start":{"line":36,"column":0},"end":{"line":36,"column":68}},"21":{"start":{"line":38,"column":15},"end":{"line":39,"column":null}},"22":{"start":{"line":39,"column":2},"end":{"line":39,"column":62}},"23":{"start":{"line":42,"column":14},"end":{"line":42,"column":20}}},"fnMap":{"0":{"name":"(anonymous_1)","decl":{"start":{"line":38,"column":32},"end":{"line":38,"column":35}},"loc":{"start":{"line":39,"column":2},"end":{"line":39,"column":62}}}},"branchMap":{"0":{"loc":{"start":{"line":14,"column":13},"end":{"line":14,"column":37}},"type":"binary-expr","locations":[{"start":{"line":14,"column":13},"end":{"line":14,"column":29}},{"start":{"line":14,"column":33},"end":{"line":14,"column":37}}]}},"s":{"0":1,"1":1,"2":1,"3":1,"4":1,"5":1,"6":1,"7":1,"8":1,"9":1,"10":1,"11":1,"12":1,"13":1,"14":1,"15":1,"16":1,"17":1,"18":1,"19":1,"20":1,"21":1,"22":1,"23":1},"f":{"0":1},"b":{"0":[1,0]}}
,"C:\\workspaces\\api\\express-boilerplate\\src\\libs\\logger.ts": {"path":"C:\\workspaces\\api\\express-boilerplate\\src\\libs\\logger.ts","statementMap":{"0":{"start":{"line":1,"column":0},"end":{"line":1,"column":30}},"1":{"start":{"line":3,"column":15},"end":{"line":9,"column":2}},"2":{"start":{"line":11,"column":14},"end":{"line":15,"column":1}},"3":{"start":{"line":12,"column":14},"end":{"line":12,"column":51}},"4":{"start":{"line":13,"column":24},"end":{"line":13,"column":45}},"5":{"start":{"line":14,"column":2},"end":{"line":14,"column":42}},"6":{"start":{"line":17,"column":15},"end":{"line":23,"column":2}},"7":{"start":{"line":25,"column":0},"end":{"line":25,"column":26}},"8":{"start":{"line":27,"column":15},"end":{"line":32,"column":null}},"9":{"start":{"line":31,"column":14},"end":{"line":31,"column":64}},"10":{"start":{"line":35,"column":19},"end":{"line":42,"column":2}},"11":{"start":{"line":44,"column":15},"end":{"line":49,"column":2}},"12":{"start":{"line":51,"column":0},"end":{"line":51,"column":22}}},"fnMap":{"0":{"name":"(anonymous_1)","decl":{"start":{"line":11,"column":14},"end":{"line":11,"column":17}},"loc":{"start":{"line":11,"column":19},"end":{"line":15,"column":1}}},"1":{"name":"(anonymous_2)","decl":{"start":{"line":31,"column":4},"end":{"line":31,"column":5}},"loc":{"start":{"line":31,"column":14},"end":{"line":31,"column":64}}}},"branchMap":{"0":{"loc":{"start":{"line":12,"column":14},"end":{"line":12,"column":51}},"type":"binary-expr","locations":[{"start":{"line":12,"column":14},"end":{"line":12,"column":34}},{"start":{"line":12,"column":38},"end":{"line":12,"column":51}}]},"1":{"loc":{"start":{"line":14,"column":9},"end":{"line":14,"column":41}},"type":"cond-expr","locations":[{"start":{"line":14,"column":25},"end":{"line":14,"column":32}},{"start":{"line":14,"column":35},"end":{"line":14,"column":41}}]}},"s":{"0":1,"1":1,"2":1,"3":1,"4":1,"5":1,"6":1,"7":1,"8":1,"9":0,"10":1,"11":1,"12":1},"f":{"0":1,"1":0},"b":{"0":[1,0],"1":[0,1]}}
,"C:\\workspaces\\api\\express-boilerplate\\src\\middlewares\\morganMiddleware.ts": {"path":"C:\\workspaces\\api\\express-boilerplate\\src\\middlewares\\morganMiddleware.ts","statementMap":{"0":{"start":{"line":1,"column":0},"end":{"line":1,"column":47}},"1":{"start":{"line":2,"column":0},"end":{"line":2,"column":34}},"2":{"start":{"line":4,"column":30},"end":{"line":6,"column":2}},"3":{"start":{"line":5,"column":22},"end":{"line":5,"column":42}},"4":{"start":{"line":8,"column":13},"end":{"line":11,"column":1}},"5":{"start":{"line":9,"column":14},"end":{"line":9,"column":51}},"6":{"start":{"line":10,"column":2},"end":{"line":10,"column":31}},"7":{"start":{"line":13,"column":25},"end":{"line":15,"column":null}},"8":{"start":{"line":18,"column":0},"end":{"line":18,"column":32}}},"fnMap":{"0":{"name":"(anonymous_1)","decl":{"start":{"line":5,"column":9},"end":{"line":5,"column":10}},"loc":{"start":{"line":5,"column":22},"end":{"line":5,"column":42}}},"1":{"name":"(anonymous_2)","decl":{"start":{"line":8,"column":13},"end":{"line":8,"column":16}},"loc":{"start":{"line":8,"column":18},"end":{"line":11,"column":1}}}},"branchMap":{"0":{"loc":{"start":{"line":9,"column":14},"end":{"line":9,"column":51}},"type":"binary-expr","locations":[{"start":{"line":9,"column":14},"end":{"line":9,"column":34}},{"start":{"line":9,"column":38},"end":{"line":9,"column":51}}]}},"s":{"0":1,"1":1,"2":1,"3":0,"4":1,"5":1,"6":1,"7":1,"8":1},"f":{"0":0,"1":1},"b":{"0":[1,0]}}
,"C:\\workspaces\\api\\express-boilerplate\\src\\routes\\indexRouter.ts": {"path":"C:\\workspaces\\api\\express-boilerplate\\src\\routes\\indexRouter.ts","statementMap":{"0":{"start":{"line":1,"column":0},"end":{"line":1,"column":33}},"1":{"start":{"line":3,"column":15},"end":{"line":3,"column":23}},"2":{"start":{"line":14,"column":0},"end":{"line":16,"column":3}},"3":{"start":{"line":15,"column":2},"end":{"line":15,"column":46}},"4":{"start":{"line":18,"column":0},"end":{"line":18,"column":22}}},"fnMap":{"0":{"name":"(anonymous_0)","decl":{"start":{"line":14,"column":16},"end":{"line":14,"column":17}},"loc":{"start":{"line":14,"column":27},"end":{"line":16,"column":1}}}},"branchMap":{},"s":{"0":1,"1":1,"2":1,"3":1,"4":1},"f":{"0":1},"b":{}}
,"C:\\workspaces\\api\\express-boilerplate\\src\\routes\\loggerRouter.ts": {"path":"C:\\workspaces\\api\\express-boilerplate\\src\\routes\\loggerRouter.ts","statementMap":{"0":{"start":{"line":1,"column":0},"end":{"line":1,"column":34}},"1":{"start":{"line":2,"column":0},"end":{"line":2,"column":33}},"2":{"start":{"line":4,"column":15},"end":{"line":4,"column":23}},"3":{"start":{"line":15,"column":0},"end":{"line":22,"column":3}},"4":{"start":{"line":16,"column":2},"end":{"line":16,"column":35}},"5":{"start":{"line":17,"column":2},"end":{"line":17,"column":34}},"6":{"start":{"line":18,"column":2},"end":{"line":18,"column":34}},"7":{"start":{"line":19,"column":2},"end":{"line":19,"column":34}},"8":{"start":{"line":21,"column":2},"end":{"line":21,"column":17}},"9":{"start":{"line":24,"column":0},"end":{"line":24,"column":22}}},"fnMap":{"0":{"name":"(anonymous_1)","decl":{"start":{"line":15,"column":16},"end":{"line":15,"column":17}},"loc":{"start":{"line":15,"column":27},"end":{"line":22,"column":1}}}},"branchMap":{},"s":{"0":1,"1":1,"2":1,"3":1,"4":0,"5":0,"6":0,"7":0,"8":0,"9":1},"f":{"0":0},"b":{}}
}
